[2023-07-12 23:33:34] local.ERROR: include(/Users/christyle/workspace/github-ranked-php/vendor/composer/../laravel/framework/src/Illuminate/Console/Events/CommandFinished.php): Failed to open stream: No such file or directory {"exception":"[object] (ErrorException(code: 0): include(/Users/christyle/workspace/github-ranked-php/vendor/composer/../laravel/framework/src/Illuminate/Console/Events/CommandFinished.php): Failed to open stream: No such file or directory at /Users/christyle/workspace/github-ranked-php/vendor/composer/ClassLoader.php:576)
[stacktrace]
#0 /Users/christyle/workspace/github-ranked-php/vendor/laravel/framework/src/Illuminate/Foundation/Bootstrap/HandleExceptions.php(254): Illuminate\\Foundation\\Bootstrap\\HandleExceptions->handleError(2, 'include(/Users/...', '/Users/christyl...', 576)
#1 /Users/christyle/workspace/github-ranked-php/vendor/composer/ClassLoader.php(576): Illuminate\\Foundation\\Bootstrap\\HandleExceptions->Illuminate\\Foundation\\Bootstrap\\{closure}(2, 'include(/Users/...', '/Users/christyl...', 576)
#2 /Users/christyle/workspace/github-ranked-php/vendor/composer/ClassLoader.php(576): include('/Users/christyl...')
#3 /Users/christyle/workspace/github-ranked-php/vendor/composer/ClassLoader.php(427): Composer\\Autoload\\{closure}('/Users/christyl...')
#4 /Users/christyle/workspace/github-ranked-php/vendor/laravel/framework/src/Illuminate/Foundation/Console/Kernel.php(151): Composer\\Autoload\\ClassLoader->loadClass('Illuminate\\\\Cons...')
#5 /Users/christyle/workspace/github-ranked-php/vendor/symfony/event-dispatcher/EventDispatcher.php(220): Illuminate\\Foundation\\Console\\Kernel->Illuminate\\Foundation\\Console\\{closure}(Object(Symfony\\Component\\Console\\Event\\ConsoleTerminateEvent), 'console.termina...', Object(Symfony\\Component\\EventDispatcher\\EventDispatcher))
#6 /Users/christyle/workspace/github-ranked-php/vendor/symfony/event-dispatcher/EventDispatcher.php(56): Symfony\\Component\\EventDispatcher\\EventDispatcher->callListeners(Array, 'console.termina...', Object(Symfony\\Component\\Console\\Event\\ConsoleTerminateEvent))
#7 /Users/christyle/workspace/github-ranked-php/vendor/symfony/console/Application.php(1096): Symfony\\Component\\EventDispatcher\\EventDispatcher->dispatch(Object(Symfony\\Component\\Console\\Event\\ConsoleTerminateEvent), 'console.termina...')
#8 /Users/christyle/workspace/github-ranked-php/vendor/symfony/console/Application.php(320): Symfony\\Component\\Console\\Application->doRunCommand(Object(Illuminate\\Foundation\\Console\\ServeCommand), Object(Symfony\\Component\\Console\\Input\\ArgvInput), Object(Symfony\\Component\\Console\\Output\\ConsoleOutput))
#9 /Users/christyle/workspace/github-ranked-php/vendor/symfony/console/Application.php(174): Symfony\\Component\\Console\\Application->doRun(Object(Symfony\\Component\\Console\\Input\\ArgvInput), Object(Symfony\\Component\\Console\\Output\\ConsoleOutput))
#10 /Users/christyle/workspace/github-ranked-php/vendor/laravel/framework/src/Illuminate/Foundation/Console/Kernel.php(201): Symfony\\Component\\Console\\Application->run(Object(Symfony\\Component\\Console\\Input\\ArgvInput), Object(Symfony\\Component\\Console\\Output\\ConsoleOutput))
#11 /Users/christyle/workspace/github-ranked-php/artisan(35): Illuminate\\Foundation\\Console\\Kernel->handle(Object(Symfony\\Component\\Console\\Input\\ArgvInput), Object(Symfony\\Component\\Console\\Output\\ConsoleOutput))
#12 {main}
"} 
[2023-07-12 23:33:34] local.ERROR: include(/Users/christyle/workspace/github-ranked-php/vendor/composer/../filp/whoops/src/Whoops/Handler/Handler.php): Failed to open stream: No such file or directory {"exception":"[object] (ErrorException(code: 0): include(/Users/christyle/workspace/github-ranked-php/vendor/composer/../filp/whoops/src/Whoops/Handler/Handler.php): Failed to open stream: No such file or directory at /Users/christyle/workspace/github-ranked-php/vendor/composer/ClassLoader.php:576)
[stacktrace]
#0 /Users/christyle/workspace/github-ranked-php/vendor/laravel/framework/src/Illuminate/Foundation/Bootstrap/HandleExceptions.php(254): Illuminate\\Foundation\\Bootstrap\\HandleExceptions->handleError(2, 'include(/Users/...', '/Users/christyl...', 576)
#1 /Users/christyle/workspace/github-ranked-php/vendor/composer/ClassLoader.php(576): Illuminate\\Foundation\\Bootstrap\\HandleExceptions->Illuminate\\Foundation\\Bootstrap\\{closure}(2, 'include(/Users/...', '/Users/christyl...', 576)
#2 /Users/christyle/workspace/github-ranked-php/vendor/composer/ClassLoader.php(576): include('/Users/christyl...')
#3 /Users/christyle/workspace/github-ranked-php/vendor/composer/ClassLoader.php(427): Composer\\Autoload\\{closure}('/Users/christyl...')
#4 /Users/christyle/workspace/github-ranked-php/vendor/nunomaduro/collision/src/Handler.php(15): Composer\\Autoload\\ClassLoader->loadClass('Whoops\\\\Handler\\\\...')
#5 /Users/christyle/workspace/github-ranked-php/vendor/composer/ClassLoader.php(576): include('/Users/christyl...')
#6 /Users/christyle/workspace/github-ranked-php/vendor/composer/ClassLoader.php(427): Composer\\Autoload\\{closure}('/Users/christyl...')
#7 /Users/christyle/workspace/github-ranked-php/vendor/nunomaduro/collision/src/Adapters/Laravel/CollisionServiceProvider.php(55): Composer\\Autoload\\ClassLoader->loadClass('NunoMaduro\\\\Coll...')
#8 /Users/christyle/workspace/github-ranked-php/vendor/laravel/framework/src/Illuminate/Container/Container.php(908): NunoMaduro\\Collision\\Adapters\\Laravel\\CollisionServiceProvider->NunoMaduro\\Collision\\Adapters\\Laravel\\{closure}(Object(Illuminate\\Foundation\\Application), Array)
#9 /Users/christyle/workspace/github-ranked-php/vendor/laravel/framework/src/Illuminate/Container/Container.php(795): Illuminate\\Container\\Container->build(Object(Closure))
#10 /Users/christyle/workspace/github-ranked-php/vendor/laravel/framework/src/Illuminate/Foundation/Application.php(933): Illuminate\\Container\\Container->resolve('NunoMaduro\\\\Coll...', Array, true)
#11 /Users/christyle/workspace/github-ranked-php/vendor/laravel/framework/src/Illuminate/Container/Container.php(731): Illuminate\\Foundation\\Application->resolve('NunoMaduro\\\\Coll...', Array)
#12 /Users/christyle/workspace/github-ranked-php/vendor/laravel/framework/src/Illuminate/Foundation/Application.php(918): Illuminate\\Container\\Container->make('NunoMaduro\\\\Coll...', Array)
#13 /Users/christyle/workspace/github-ranked-php/vendor/nunomaduro/collision/src/Adapters/Laravel/ExceptionHandler.php(66): Illuminate\\Foundation\\Application->make('NunoMaduro\\\\Coll...')
#14 /Users/christyle/workspace/github-ranked-php/vendor/laravel/framework/src/Illuminate/Foundation/Console/Kernel.php(534): NunoMaduro\\Collision\\Adapters\\Laravel\\ExceptionHandler->renderForConsole(Object(Symfony\\Component\\Console\\Output\\ConsoleOutput), Object(ErrorException))
#15 /Users/christyle/workspace/github-ranked-php/vendor/laravel/framework/src/Illuminate/Foundation/Console/Kernel.php(205): Illuminate\\Foundation\\Console\\Kernel->renderException(Object(Symfony\\Component\\Console\\Output\\ConsoleOutput), Object(ErrorException))
#16 /Users/christyle/workspace/github-ranked-php/artisan(35): Illuminate\\Foundation\\Console\\Kernel->handle(Object(Symfony\\Component\\Console\\Input\\ArgvInput), Object(Symfony\\Component\\Console\\Output\\ConsoleOutput))
#17 {main}
"} 
[2023-07-12 23:33:34] local.ERROR: Uncaught ErrorException: include(/Users/christyle/workspace/github-ranked-php/vendor/composer/../filp/whoops/src/Whoops/Handler/Handler.php): Failed to open stream: No such file or directory in /Users/christyle/workspace/github-ranked-php/vendor/composer/ClassLoader.php:576
Stack trace:
#0 /Users/christyle/workspace/github-ranked-php/vendor/laravel/framework/src/Illuminate/Foundation/Bootstrap/HandleExceptions.php(254): Illuminate\Foundation\Bootstrap\HandleExceptions->handleError(2, 'include(/Users/...', '/Users/christyl...', 576)
#1 /Users/christyle/workspace/github-ranked-php/vendor/composer/ClassLoader.php(576): Illuminate\Foundation\Bootstrap\HandleExceptions->Illuminate\Foundation\Bootstrap\{closure}(2, 'include(/Users/...', '/Users/christyl...', 576)
#2 /Users/christyle/workspace/github-ranked-php/vendor/composer/ClassLoader.php(576): include('/Users/christyl...')
#3 /Users/christyle/workspace/github-ranked-php/vendor/composer/ClassLoader.php(427): Composer\Autoload\{closure}('/Users/christyl...')
#4 /Users/christyle/workspace/github-ranked-php/vendor/nunomaduro/collision/src/Handler.php(15): Composer\Autoload\ClassLoader->loadClass('Whoops\\Handler\\...')
#5 /Users/christyle/workspace/github-ranked-php/vendor/composer/ClassLoader.php(576): include('/Users/christyl...')
#6 /Users/christyle/workspace/github-ranked-php/vendor/composer/ClassLoader.php(427): Composer\Autoload\{closure}('/Users/christyl...')
#7 /Users/christyle/workspace/github-ranked-php/vendor/nunomaduro/collision/src/Adapters/Laravel/CollisionServiceProvider.php(55): Composer\Autoload\ClassLoader->loadClass('NunoMaduro\\Coll...')
#8 /Users/christyle/workspace/github-ranked-php/vendor/laravel/framework/src/Illuminate/Container/Container.php(908): NunoMaduro\Collision\Adapters\Laravel\CollisionServiceProvider->NunoMaduro\Collision\Adapters\Laravel\{closure}(Object(Illuminate\Foundation\Application), Array)
#9 /Users/christyle/workspace/github-ranked-php/vendor/laravel/framework/src/Illuminate/Container/Container.php(795): Illuminate\Container\Container->build(Object(Closure))
#10 /Users/christyle/workspace/github-ranked-php/vendor/laravel/framework/src/Illuminate/Foundation/Application.php(933): Illuminate\Container\Container->resolve('NunoMaduro\\Coll...', Array, true)
#11 /Users/christyle/workspace/github-ranked-php/vendor/laravel/framework/src/Illuminate/Container/Container.php(731): Illuminate\Foundation\Application->resolve('NunoMaduro\\Coll...', Array)
#12 /Users/christyle/workspace/github-ranked-php/vendor/laravel/framework/src/Illuminate/Foundation/Application.php(918): Illuminate\Container\Container->make('NunoMaduro\\Coll...', Array)
#13 /Users/christyle/workspace/github-ranked-php/vendor/nunomaduro/collision/src/Adapters/Laravel/ExceptionHandler.php(66): Illuminate\Foundation\Application->make('NunoMaduro\\Coll...')
#14 /Users/christyle/workspace/github-ranked-php/vendor/laravel/framework/src/Illuminate/Foundation/Bootstrap/HandleExceptions.php(206): NunoMaduro\Collision\Adapters\Laravel\ExceptionHandler->renderForConsole(Object(Symfony\Component\Console\Output\ConsoleOutput), Object(ErrorException))
#15 /Users/christyle/workspace/github-ranked-php/vendor/laravel/framework/src/Illuminate/Foundation/Bootstrap/HandleExceptions.php(188): Illuminate\Foundation\Bootstrap\HandleExceptions->renderForConsole(Object(ErrorException))
#16 /Users/christyle/workspace/github-ranked-php/vendor/laravel/framework/src/Illuminate/Foundation/Bootstrap/HandleExceptions.php(254): Illuminate\Foundation\Bootstrap\HandleExceptions->handleException(Object(ErrorException))
#17 [internal function]: Illuminate\Foundation\Bootstrap\HandleExceptions->Illuminate\Foundation\Bootstrap\{closure}(Object(ErrorException))
#18 {main}
  thrown {"exception":"[object] (Symfony\\Component\\ErrorHandler\\Error\\FatalError(code: 0): Uncaught ErrorException: include(/Users/christyle/workspace/github-ranked-php/vendor/composer/../filp/whoops/src/Whoops/Handler/Handler.php): Failed to open stream: No such file or directory in /Users/christyle/workspace/github-ranked-php/vendor/composer/ClassLoader.php:576
Stack trace:
#0 /Users/christyle/workspace/github-ranked-php/vendor/laravel/framework/src/Illuminate/Foundation/Bootstrap/HandleExceptions.php(254): Illuminate\\Foundation\\Bootstrap\\HandleExceptions->handleError(2, 'include(/Users/...', '/Users/christyl...', 576)
#1 /Users/christyle/workspace/github-ranked-php/vendor/composer/ClassLoader.php(576): Illuminate\\Foundation\\Bootstrap\\HandleExceptions->Illuminate\\Foundation\\Bootstrap\\{closure}(2, 'include(/Users/...', '/Users/christyl...', 576)
#2 /Users/christyle/workspace/github-ranked-php/vendor/composer/ClassLoader.php(576): include('/Users/christyl...')
#3 /Users/christyle/workspace/github-ranked-php/vendor/composer/ClassLoader.php(427): Composer\\Autoload\\{closure}('/Users/christyl...')
#4 /Users/christyle/workspace/github-ranked-php/vendor/nunomaduro/collision/src/Handler.php(15): Composer\\Autoload\\ClassLoader->loadClass('Whoops\\\\Handler\\\\...')
#5 /Users/christyle/workspace/github-ranked-php/vendor/composer/ClassLoader.php(576): include('/Users/christyl...')
#6 /Users/christyle/workspace/github-ranked-php/vendor/composer/ClassLoader.php(427): Composer\\Autoload\\{closure}('/Users/christyl...')
#7 /Users/christyle/workspace/github-ranked-php/vendor/nunomaduro/collision/src/Adapters/Laravel/CollisionServiceProvider.php(55): Composer\\Autoload\\ClassLoader->loadClass('NunoMaduro\\\\Coll...')
#8 /Users/christyle/workspace/github-ranked-php/vendor/laravel/framework/src/Illuminate/Container/Container.php(908): NunoMaduro\\Collision\\Adapters\\Laravel\\CollisionServiceProvider->NunoMaduro\\Collision\\Adapters\\Laravel\\{closure}(Object(Illuminate\\Foundation\\Application), Array)
#9 /Users/christyle/workspace/github-ranked-php/vendor/laravel/framework/src/Illuminate/Container/Container.php(795): Illuminate\\Container\\Container->build(Object(Closure))
#10 /Users/christyle/workspace/github-ranked-php/vendor/laravel/framework/src/Illuminate/Foundation/Application.php(933): Illuminate\\Container\\Container->resolve('NunoMaduro\\\\Coll...', Array, true)
#11 /Users/christyle/workspace/github-ranked-php/vendor/laravel/framework/src/Illuminate/Container/Container.php(731): Illuminate\\Foundation\\Application->resolve('NunoMaduro\\\\Coll...', Array)
#12 /Users/christyle/workspace/github-ranked-php/vendor/laravel/framework/src/Illuminate/Foundation/Application.php(918): Illuminate\\Container\\Container->make('NunoMaduro\\\\Coll...', Array)
#13 /Users/christyle/workspace/github-ranked-php/vendor/nunomaduro/collision/src/Adapters/Laravel/ExceptionHandler.php(66): Illuminate\\Foundation\\Application->make('NunoMaduro\\\\Coll...')
#14 /Users/christyle/workspace/github-ranked-php/vendor/laravel/framework/src/Illuminate/Foundation/Bootstrap/HandleExceptions.php(206): NunoMaduro\\Collision\\Adapters\\Laravel\\ExceptionHandler->renderForConsole(Object(Symfony\\Component\\Console\\Output\\ConsoleOutput), Object(ErrorException))
#15 /Users/christyle/workspace/github-ranked-php/vendor/laravel/framework/src/Illuminate/Foundation/Bootstrap/HandleExceptions.php(188): Illuminate\\Foundation\\Bootstrap\\HandleExceptions->renderForConsole(Object(ErrorException))
#16 /Users/christyle/workspace/github-ranked-php/vendor/laravel/framework/src/Illuminate/Foundation/Bootstrap/HandleExceptions.php(254): Illuminate\\Foundation\\Bootstrap\\HandleExceptions->handleException(Object(ErrorException))
#17 [internal function]: Illuminate\\Foundation\\Bootstrap\\HandleExceptions->Illuminate\\Foundation\\Bootstrap\\{closure}(Object(ErrorException))
#18 {main}
  thrown at /Users/christyle/workspace/github-ranked-php/vendor/composer/ClassLoader.php:576)
[stacktrace]
#0 {main}
"} 
